[6][1550563726356][main][info]["Booting Postman 6.7.3, linux-4.9.0-8-amd64 on x64"]
[6][1550563726361][main][info]["EventBus\\x7einitialize - Success"]
[6][1550563726364][main][info]["UpdateHandler\\x7einit - Success"]
[6][1550563726365][main][info]["RuntimeExecutionService\\x7einitialized: Success"]
[6][1550563726372][main][info]["ProtocolHandler\\x7einit - Success with status: false]"]
[6][1550563726383][main][info]["PluginHost - Booted for 1th time"]
[6][1550563726515][main][info]["Bootstrap-models\\x7ebootstrap - Success"]
[6][1550563728227][main][info]["Main\\x7eAppEvents - Received booted event for process shared"]
[6][1550563729645][main][info]["UpdateHandler\\x7eapp-update-events - Received event",{"name":"checkForElectronVersionUpdated","namespace":"appUpdate"}]
[6][1550563729647][main][info]["Main\\x7eAppEvents - Received booted event for process requester"]
[6][1550563835051][main][info]["Qitting app"]
[6][1550563835057][main][info][null]
[6][1550563835099][main][error][{"name":"Error","message":"PluginHost exited with code null","stack":"Error: PluginHost exited with code null\n    at PluginHost.onHostExit (/postman/Postman/app/resources/app/node_modules/@postman/app-plugins-host/index.js:100:21)\n    at emitTwo (events.js:125:13)\n    at ChildProcess.emit (events.js:213:7)\n    at Process.ChildProcess._handle.onexit (internal/child_process.js:200:12)"}]
[6][1550563835103][main][error][{"name":"Error","message":"Trying to boot plugin host for 2th time","stack":"Error: Trying to boot plugin host for 2th time\n    at PluginHost.bootHost (/postman/Postman/app/resources/app/node_modules/@postman/app-plugins-host/index.js:23:23)\n    at PluginHost.onHostExit (/postman/Postman/app/resources/app/node_modules/@postman/app-plugins-host/index.js:101:10)\n    at emitTwo (events.js:125:13)\n    at ChildProcess.emit (events.js:213:7)\n    at Process.ChildProcess._handle.onexit (internal/child_process.js:200:12)"}]
[6][1550563933781][main][info]["Booting Postman 6.7.3, linux-4.9.0-8-amd64 on x64"]
[6][1550563933785][main][info]["EventBus\\x7einitialize - Success"]
[6][1550563933788][main][info]["UpdateHandler\\x7einit - Success"]
[6][1550563933789][main][info]["RuntimeExecutionService\\x7einitialized: Success"]
[6][1550563933797][main][info]["ProtocolHandler\\x7einit - Success with status: false]"]
[6][1550563933807][main][info]["PluginHost - Booted for 1th time"]
[6][1550563933900][main][info]["Bootstrap-models\\x7ebootstrap - Success"]
[6][1550563935384][main][info]["Main\\x7eAppEvents - Received booted event for process shared"]
[6][1550563936793][main][info]["UpdateHandler\\x7eapp-update-events - Received event",{"name":"checkForElectronVersionUpdated","namespace":"appUpdate"}]
[6][1550563936794][main][info]["Main\\x7eAppEvents - Received booted event for process requester"]
[6][1550564042273][main][info]["Main\\x7eAppEvents - Received booted event for process console"]
[6][1550564092998][main][info]["WindowManager\\x7ecloseHandler - Closed Window (id: 5 )"]
[6][1550564175858][main][info]["Qitting app"]
[6][1550564175863][main][info][null]
[6][1550564175883][main][error][{"name":"Error","message":"PluginHost exited with code null","stack":"Error: PluginHost exited with code null\n    at PluginHost.onHostExit (/postman/Postman/app/resources/app/node_modules/@postman/app-plugins-host/index.js:100:21)\n    at emitTwo (events.js:125:13)\n    at ChildProcess.emit (events.js:213:7)\n    at Process.ChildProcess._handle.onexit (internal/child_process.js:200:12)"}]
[6][1550564175888][main][error][{"name":"Error","message":"Trying to boot plugin host for 2th time","stack":"Error: Trying to boot plugin host for 2th time\n    at PluginHost.bootHost (/postman/Postman/app/resources/app/node_modules/@postman/app-plugins-host/index.js:23:23)\n    at PluginHost.onHostExit (/postman/Postman/app/resources/app/node_modules/@postman/app-plugins-host/index.js:101:10)\n    at emitTwo (events.js:125:13)\n    at ChildProcess.emit (events.js:213:7)\n    at Process.ChildProcess._handle.onexit (internal/child_process.js:200:12)"}]
[6][1550564293855][main][info]["Booting Postman 6.7.3, linux-4.9.0-8-amd64 on x64"]
[6][1550564293858][main][info]["EventBus\\x7einitialize - Success"]
[6][1550564293861][main][info]["UpdateHandler\\x7einit - Success"]
[6][1550564293863][main][info]["RuntimeExecutionService\\x7einitialized: Success"]
[6][1550564293870][main][info]["ProtocolHandler\\x7einit - Success with status: false]"]
[6][1550564293879][main][info]["PluginHost - Booted for 1th time"]
[6][1550564293992][main][info]["Bootstrap-models\\x7ebootstrap - Success"]
[6][1550564295444][main][info]["Main\\x7eAppEvents - Received booted event for process shared"]
[6][1550564296867][main][info]["UpdateHandler\\x7eapp-update-events - Received event",{"name":"checkForElectronVersionUpdated","namespace":"appUpdate"}]
[6][1550564296869][main][info]["Main\\x7eAppEvents - Received booted event for process requester"]
[6][1550565995074][main][info]["Qitting app"]
[6][1550565995076][main][info][null]
[6][1550565995091][main][error][{"name":"Error","message":"PluginHost exited with code null","stack":"Error: PluginHost exited with code null\n    at PluginHost.onHostExit (/postman/Postman/app/resources/app/node_modules/@postman/app-plugins-host/index.js:100:21)\n    at emitTwo (events.js:125:13)\n    at ChildProcess.emit (events.js:213:7)\n    at Process.ChildProcess._handle.onexit (internal/child_process.js:200:12)"}]
[6][1550565995095][main][error][{"name":"Error","message":"Trying to boot plugin host for 2th time","stack":"Error: Trying to boot plugin host for 2th time\n    at PluginHost.bootHost (/postman/Postman/app/resources/app/node_modules/@postman/app-plugins-host/index.js:23:23)\n    at PluginHost.onHostExit (/postman/Postman/app/resources/app/node_modules/@postman/app-plugins-host/index.js:101:10)\n    at emitTwo (events.js:125:13)\n    at ChildProcess.emit (events.js:213:7)\n    at Process.ChildProcess._handle.onexit (internal/child_process.js:200:12)"}]
[6][1550566005745][main][info]["Booting Postman 6.7.3, linux-4.9.0-8-amd64 on x64"]
[6][1550566005749][main][info]["EventBus\\x7einitialize - Success"]
[6][1550566005752][main][info]["UpdateHandler\\x7einit - Success"]
[6][1550566005753][main][info]["RuntimeExecutionService\\x7einitialized: Success"]
[6][1550566005760][main][info]["ProtocolHandler\\x7einit - Success with status: false]"]
[6][1550566005769][main][info]["PluginHost - Booted for 1th time"]
[6][1550566005878][main][info]["Bootstrap-models\\x7ebootstrap - Success"]
[6][1550566007332][main][info]["Main\\x7eAppEvents - Received booted event for process shared"]
[6][1550566008759][main][info]["UpdateHandler\\x7eapp-update-events - Received event",{"name":"checkForElectronVersionUpdated","namespace":"appUpdate"}]
[6][1550566008760][main][info]["Main\\x7eAppEvents - Received booted event for process requester"]
[6][1550735310755][main][info]["Qitting app"]
[6][1550735310760][main][info][null]
[6][1550735310780][main][error][{"name":"Error","message":"PluginHost exited with code null","stack":"Error: PluginHost exited with code null\n    at PluginHost.onHostExit (/postman/Postman/app/resources/app/node_modules/@postman/app-plugins-host/index.js:100:21)\n    at emitTwo (events.js:125:13)\n    at ChildProcess.emit (events.js:213:7)\n    at Process.ChildProcess._handle.onexit (internal/child_process.js:200:12)"}]
[6][1550735310786][main][error][{"name":"Error","message":"Trying to boot plugin host for 2th time","stack":"Error: Trying to boot plugin host for 2th time\n    at PluginHost.bootHost (/postman/Postman/app/resources/app/node_modules/@postman/app-plugins-host/index.js:23:23)\n    at PluginHost.onHostExit (/postman/Postman/app/resources/app/node_modules/@postman/app-plugins-host/index.js:101:10)\n    at emitTwo (events.js:125:13)\n    at ChildProcess.emit (events.js:213:7)\n    at Process.ChildProcess._handle.onexit (internal/child_process.js:200:12)"}]
