[6][1550563726784][pluginHost][info]["Booting Plugin Host for Postman 6.7.3, linux-4.9.0-8-amd64 on x64"]
[6][1550563726792][pluginHost][info]["PluginsHost - Host: Booted"]
[6][1550563726798][pluginHost][info]["not exist",{"errno":-2,"code":"ENOENT","syscall":"open","path":"/home/.config/Postman/plugins/postman.openApi/version.json","name":"Error","message":"ENOENT: no such file or directory, open '/home/.config/Postman/plugins/postman.openApi/version.json'","stack":"Error: ENOENT: no such file or directory, open '/home/.config/Postman/plugins/postman.openApi/version.json'"}]
[6][1550563726799][pluginHost][info]["PluginInstallationService-installOrUpdatePlugins Installing plugin",{"version":"0.0.9","pluginId":"postman.openApi","isInstalled":false}]
[6][1550563726799][pluginHost][info]["PluginInstallationService-installFromLocal",{"pluginZipPath":"/postman/Postman/app/resources/app/plugins/postman.openApi.zip","pluginsDir":"/home/.config/Postman/plugins","currVersionDirPath":"/home/.config/Postman/plugins/postman.openApi/0.0.9","tempDir":"/tmp","result":{"pluginId":"postman.openApi","version":"0.0.9","status":null}}]
[6][1550563726800][pluginHost][info]["PluginInstallationService-installFromLocal extracting"]
[6][1550563726960][pluginHost][info]["PluginInstallationService-installFromLocal extracted",{"pluginId":"postman.openApi","version":"0.0.9","status":null}]
[6][1550563726960][pluginHost][info]["PluginInstallationService-installFromLocal moving",{"extractedPluginPath":"/tmp/postman.openApi"}]
[6][1550563726962][pluginHost][warn]["PluginInstallationService-installFromLocal Caught an error",{"errno":-18,"code":"EXDEV","syscall":"rename","path":"/tmp/postman.openApi","dest":"/home/.config/Postman/plugins/postman.openApi/0.0.9","name":"Error","message":"EXDEV: cross-device link not permitted, rename '/tmp/postman.openApi' -> '/home/.config/Postman/plugins/postman.openApi/0.0.9'","stack":"Error: EXDEV: cross-device link not permitted, rename '/tmp/postman.openApi' -> '/home/.config/Postman/plugins/postman.openApi/0.0.9'"},{"pluginId":"postman.openApi","version":"0.0.9","status":"failed","error":{}}]
[6][1550563726962][pluginHost][info]["PluginInstallationService-installFromLocal Completed installing plugin",{"pluginId":"postman.openApi","version":"0.0.9","status":"failed","error":{}}]
[6][1550563726962][pluginHost][info]["PluginsHost: Synced all plugins",[{"pluginId":"postman.openApi","version":"0.0.9","status":"failed","error":{}}]]
[6][1550563934166][pluginHost][info]["Booting Plugin Host for Postman 6.7.3, linux-4.9.0-8-amd64 on x64"]
[6][1550563934172][pluginHost][info]["PluginsHost - Host: Booted"]
[6][1550563934175][pluginHost][info]["not exist",{"errno":-2,"code":"ENOENT","syscall":"open","path":"/home/.config/Postman/plugins/postman.openApi/version.json","name":"Error","message":"ENOENT: no such file or directory, open '/home/.config/Postman/plugins/postman.openApi/version.json'","stack":"Error: ENOENT: no such file or directory, open '/home/.config/Postman/plugins/postman.openApi/version.json'"}]
[6][1550563934176][pluginHost][info]["PluginInstallationService-installOrUpdatePlugins Installing plugin",{"version":"0.0.9","pluginId":"postman.openApi","isInstalled":false}]
[6][1550563934176][pluginHost][info]["PluginInstallationService-installFromLocal",{"pluginZipPath":"/postman/Postman/app/resources/app/plugins/postman.openApi.zip","pluginsDir":"/home/.config/Postman/plugins","currVersionDirPath":"/home/.config/Postman/plugins/postman.openApi/0.0.9","tempDir":"/tmp","result":{"pluginId":"postman.openApi","version":"0.0.9","status":null}}]
[6][1550563934177][pluginHost][info]["PluginInstallationService-installFromLocal extracting"]
[6][1550563934292][pluginHost][info]["PluginInstallationService-installFromLocal extracted",{"pluginId":"postman.openApi","version":"0.0.9","status":null}]
[6][1550563934292][pluginHost][info]["PluginInstallationService-installFromLocal moving",{"extractedPluginPath":"/tmp/postman.openApi"}]
[6][1550563934293][pluginHost][warn]["PluginInstallationService-installFromLocal Caught an error",{"errno":-18,"code":"EXDEV","syscall":"rename","path":"/tmp/postman.openApi","dest":"/home/.config/Postman/plugins/postman.openApi/0.0.9","name":"Error","message":"EXDEV: cross-device link not permitted, rename '/tmp/postman.openApi' -> '/home/.config/Postman/plugins/postman.openApi/0.0.9'","stack":"Error: EXDEV: cross-device link not permitted, rename '/tmp/postman.openApi' -> '/home/.config/Postman/plugins/postman.openApi/0.0.9'"},{"pluginId":"postman.openApi","version":"0.0.9","status":"failed","error":{}}]
[6][1550563934294][pluginHost][info]["PluginInstallationService-installFromLocal Completed installing plugin",{"pluginId":"postman.openApi","version":"0.0.9","status":"failed","error":{}}]
[6][1550563934294][pluginHost][info]["PluginsHost: Synced all plugins",[{"pluginId":"postman.openApi","version":"0.0.9","status":"failed","error":{}}]]
[6][1550564294242][pluginHost][info]["Booting Plugin Host for Postman 6.7.3, linux-4.9.0-8-amd64 on x64"]
[6][1550564294247][pluginHost][info]["PluginsHost - Host: Booted"]
[6][1550564294251][pluginHost][info]["not exist",{"errno":-2,"code":"ENOENT","syscall":"open","path":"/home/.config/Postman/plugins/postman.openApi/version.json","name":"Error","message":"ENOENT: no such file or directory, open '/home/.config/Postman/plugins/postman.openApi/version.json'","stack":"Error: ENOENT: no such file or directory, open '/home/.config/Postman/plugins/postman.openApi/version.json'"}]
[6][1550564294252][pluginHost][info]["PluginInstallationService-installOrUpdatePlugins Installing plugin",{"version":"0.0.9","pluginId":"postman.openApi","isInstalled":false}]
[6][1550564294253][pluginHost][info]["PluginInstallationService-installFromLocal",{"pluginZipPath":"/postman/Postman/app/resources/app/plugins/postman.openApi.zip","pluginsDir":"/home/.config/Postman/plugins","currVersionDirPath":"/home/.config/Postman/plugins/postman.openApi/0.0.9","tempDir":"/tmp","result":{"pluginId":"postman.openApi","version":"0.0.9","status":null}}]
[6][1550564294253][pluginHost][info]["PluginInstallationService-installFromLocal extracting"]
[6][1550564294387][pluginHost][info]["PluginInstallationService-installFromLocal extracted",{"pluginId":"postman.openApi","version":"0.0.9","status":null}]
[6][1550564294388][pluginHost][info]["PluginInstallationService-installFromLocal moving",{"extractedPluginPath":"/tmp/postman.openApi"}]
[6][1550564294389][pluginHost][warn]["PluginInstallationService-installFromLocal Caught an error",{"errno":-18,"code":"EXDEV","syscall":"rename","path":"/tmp/postman.openApi","dest":"/home/.config/Postman/plugins/postman.openApi/0.0.9","name":"Error","message":"EXDEV: cross-device link not permitted, rename '/tmp/postman.openApi' -> '/home/.config/Postman/plugins/postman.openApi/0.0.9'","stack":"Error: EXDEV: cross-device link not permitted, rename '/tmp/postman.openApi' -> '/home/.config/Postman/plugins/postman.openApi/0.0.9'"},{"pluginId":"postman.openApi","version":"0.0.9","status":"failed","error":{}}]
[6][1550564294389][pluginHost][info]["PluginInstallationService-installFromLocal Completed installing plugin",{"pluginId":"postman.openApi","version":"0.0.9","status":"failed","error":{}}]
[6][1550564294389][pluginHost][info]["PluginsHost: Synced all plugins",[{"pluginId":"postman.openApi","version":"0.0.9","status":"failed","error":{}}]]
[6][1550566006141][pluginHost][info]["Booting Plugin Host for Postman 6.7.3, linux-4.9.0-8-amd64 on x64"]
[6][1550566006148][pluginHost][info]["PluginsHost - Host: Booted"]
[6][1550566006151][pluginHost][info]["not exist",{"errno":-2,"code":"ENOENT","syscall":"open","path":"/home/.config/Postman/plugins/postman.openApi/version.json","name":"Error","message":"ENOENT: no such file or directory, open '/home/.config/Postman/plugins/postman.openApi/version.json'","stack":"Error: ENOENT: no such file or directory, open '/home/.config/Postman/plugins/postman.openApi/version.json'"}]
[6][1550566006152][pluginHost][info]["PluginInstallationService-installOrUpdatePlugins Installing plugin",{"version":"0.0.9","pluginId":"postman.openApi","isInstalled":false}]
[6][1550566006153][pluginHost][info]["PluginInstallationService-installFromLocal",{"pluginZipPath":"/postman/Postman/app/resources/app/plugins/postman.openApi.zip","pluginsDir":"/home/.config/Postman/plugins","currVersionDirPath":"/home/.config/Postman/plugins/postman.openApi/0.0.9","tempDir":"/tmp","result":{"pluginId":"postman.openApi","version":"0.0.9","status":null}}]
[6][1550566006153][pluginHost][info]["PluginInstallationService-installFromLocal extracting"]
[6][1550566006265][pluginHost][info]["PluginInstallationService-installFromLocal extracted",{"pluginId":"postman.openApi","version":"0.0.9","status":null}]
[6][1550566006266][pluginHost][info]["PluginInstallationService-installFromLocal moving",{"extractedPluginPath":"/tmp/postman.openApi"}]
[6][1550566006267][pluginHost][warn]["PluginInstallationService-installFromLocal Caught an error",{"errno":-18,"code":"EXDEV","syscall":"rename","path":"/tmp/postman.openApi","dest":"/home/.config/Postman/plugins/postman.openApi/0.0.9","name":"Error","message":"EXDEV: cross-device link not permitted, rename '/tmp/postman.openApi' -> '/home/.config/Postman/plugins/postman.openApi/0.0.9'","stack":"Error: EXDEV: cross-device link not permitted, rename '/tmp/postman.openApi' -> '/home/.config/Postman/plugins/postman.openApi/0.0.9'"},{"pluginId":"postman.openApi","version":"0.0.9","status":"failed","error":{}}]
[6][1550566006268][pluginHost][info]["PluginInstallationService-installFromLocal Completed installing plugin",{"pluginId":"postman.openApi","version":"0.0.9","status":"failed","error":{}}]
[6][1550566006268][pluginHost][info]["PluginsHost: Synced all plugins",[{"pluginId":"postman.openApi","version":"0.0.9","status":"failed","error":{}}]]
