[6][1550563726734][shell][info]["EventBus\\x7einitialize - Success"]
[6][1550563726739][shell][info]["shellController\\x7einit: Success"]
[6][1550563726739][shell][info]["shellMeta\\x7einit: Success"]
[6][1550563726751][shell][info]["init\\x7esetViewAttributes - Initializing view with opts:",{"id":2,"logPath":"/home/.config/Postman/logs","sessionId":6,"startTime":1550563726443,"type":"shared","partitionId":"default"}]
[6][1550563726763][shell][info]["init\\x7esetViewAttributes - Success"]
[6][1550563728458][shell][info]["EventBus\\x7einitialize - Success"]
[6][1550563728463][shell][info]["shellController\\x7einit: Success"]
[6][1550563728463][shell][info]["shellMeta\\x7einit: Success"]
[6][1550563728472][shell][info]["init\\x7esetViewAttributes - Initializing view with opts:",{"allIds":[4],"id":4,"logPath":"/home/.config/Postman/logs","primaryId":4,"sessionId":6,"startTime":1550563728253,"type":"requester","partitionId":"default"}]
[6][1550563728473][shell][info]["init\\x7esetViewAttributes - Success"]
[6][1550563934190][shell][info]["EventBus\\x7einitialize - Success"]
[6][1550563934195][shell][info]["shellController\\x7einit: Success"]
[6][1550563934196][shell][info]["shellMeta\\x7einit: Success"]
[6][1550563934206][shell][info]["init\\x7esetViewAttributes - Initializing view with opts:",{"id":2,"logPath":"/home/.config/Postman/logs","sessionId":6,"startTime":1550563933848,"type":"shared","partitionId":"default"}]
[6][1550563934209][shell][info]["init\\x7esetViewAttributes - Success"]
[6][1550563935650][shell][info]["EventBus\\x7einitialize - Success"]
[6][1550563935655][shell][info]["shellController\\x7einit: Success"]
[6][1550563935655][shell][info]["shellMeta\\x7einit: Success"]
[6][1550563935664][shell][info]["init\\x7esetViewAttributes - Initializing view with opts:",{"allIds":[3],"id":3,"logPath":"/home/.config/Postman/logs","primaryId":3,"sessionId":6,"startTime":1550563935415,"type":"requester","partitionId":"default"}]
[6][1550563935667][shell][info]["init\\x7esetViewAttributes - Success"]
[6][1550564041153][shell][info]["EventBus\\x7einitialize - Success"]
[6][1550564041158][shell][info]["shellController\\x7einit: Success"]
[6][1550564041158][shell][info]["shellMeta\\x7einit: Success"]
[6][1550564041167][shell][info]["init\\x7esetViewAttributes - Initializing view with opts:",{"id":5,"logPath":"/home/.config/Postman/logs","sessionId":6,"startTime":1550564040905,"type":"console","partitionId":"default"}]
[6][1550564041168][shell][info]["init\\x7esetViewAttributes - Success"]
[6][1550564294236][shell][info]["EventBus\\x7einitialize - Success"]
[6][1550564294241][shell][info]["shellController\\x7einit: Success"]
[6][1550564294241][shell][info]["shellMeta\\x7einit: Success"]
[6][1550564294251][shell][info]["init\\x7esetViewAttributes - Initializing view with opts:",{"id":2,"logPath":"/home/.config/Postman/logs","sessionId":6,"startTime":1550564293928,"type":"shared","partitionId":"default"}]
[6][1550564294253][shell][info]["init\\x7esetViewAttributes - Success"]
[6][1550564295711][shell][info]["EventBus\\x7einitialize - Success"]
[6][1550564295716][shell][info]["shellController\\x7einit: Success"]
[6][1550564295716][shell][info]["shellMeta\\x7einit: Success"]
[6][1550564295725][shell][info]["init\\x7esetViewAttributes - Initializing view with opts:",{"allIds":[3],"id":3,"logPath":"/home/.config/Postman/logs","primaryId":3,"sessionId":6,"startTime":1550564295472,"type":"requester","partitionId":"default"}]
[6][1550564295727][shell][info]["init\\x7esetViewAttributes - Success"]
[6][1550566006109][shell][info]["EventBus\\x7einitialize - Success"]
[6][1550566006114][shell][info]["shellController\\x7einit: Success"]
[6][1550566006115][shell][info]["shellMeta\\x7einit: Success"]
[6][1550566006129][shell][info]["init\\x7esetViewAttributes - Initializing view with opts:",{"id":2,"logPath":"/home/.config/Postman/logs","sessionId":6,"startTime":1550566005811,"type":"shared","partitionId":"default"}]
[6][1550566006132][shell][info]["init\\x7esetViewAttributes - Success"]
[6][1550566007600][shell][info]["EventBus\\x7einitialize - Success"]
[6][1550566007605][shell][info]["shellController\\x7einit: Success"]
[6][1550566007605][shell][info]["shellMeta\\x7einit: Success"]
[6][1550566007614][shell][info]["init\\x7esetViewAttributes - Initializing view with opts:",{"allIds":[3],"id":3,"logPath":"/home/.config/Postman/logs","primaryId":3,"sessionId":6,"startTime":1550566007369,"type":"requester","partitionId":"default"}]
[6][1550566007617][shell][info]["init\\x7esetViewAttributes - Success"]
