[6][1550563727930][shared][info]["EventBus\\x7einitialize - Success"]
[6][1550563727932][shared][info]["Messaging\\x7eboot - Success"]
[6][1550563727939][shared][info]["Telemetry\\x7eboot - Success"]
[6][1550563727940][shared][info]["bootConfigurations\\x7einitialize - Success"]
[6][1550563727945][shared][info]["Settings\\x7eboot - Success"]
[6][1550563727946][shared][info]["Migrations: Starting migrations"]
[6][1550563727947][shared][info]["Migrations: Walking migration","0000_initial"]
[6][1550563727947][shared][info]["Migrations: Walking migration","0001_add_archived_resources_table"]
[6][1550563727947][shared][info]["Migrations: Walking migration","0002_add_variable_sessions_table"]
[6][1550563727947][shared][info]["Migrations: Walking migration","0003_add_editor_tables"]
[6][1550563727947][shared][info]["Migrations: Walking migration","0004_migrate_ws_session_data"]
[6][1550563727947][shared][info]["Migrations: Walking migration","0005_cleanup_request_response_and_history_body"]
[6][1550563727947][shared][info]["Migrations: Walking migration","0006_add_dbp_to_request_response_and_history"]
[6][1550563727948][shared][info]["Migrations: Walking migration","0007_add_sync_client_buckets_by_order_id_table"]
[6][1550563727948][shared][info]["Migrations: Walking migration","0008_migrate_to_sync_client_buckets_by_order_id"]
[6][1550563727948][shared][info]["Migrations: Walking migration","0009_remove_sync_client_buckets_table"]
[6][1550563727948][shared][info]["Migrations: Walking migration","0010_add_history_owner"]
[6][1550563727948][shared][info]["Migrations: Walking migration","0011_add_history_response_table"]
[6][1550563727948][shared][info]["Migrations: Walking migration","0012_add_user_data_table"]
[6][1550563727948][shared][info]["Migrations: Walking migration","0013_sanitize_request_response_and_history_methods"]
[6][1550563727948][shared][info]["Migrations: Walking migration","0014_sanitize_response_requestobject_rawmodedata"]
[6][1550563727949][shared][info]["Migrations: Starting migration","0000_initial"]
[6][1550563727949][shared][info]["Migrations: Setting context before starting migration","0000_initial",{"0000_initial":"started"}]
[6][1550563727949][shared][info]["Migrations: Applying migration","0000_initial"]
[6][1550563727949][shared][info]["Migrations: Upgrading IndexedDB to version","0000_initial",1]
[6][1550563727950][shared][info]["Migrations: Adding pending commit to queue","0000_initial"]
[6][1550563727951][shared][info]["Migrations: Starting migration","0001_add_archived_resources_table"]
[6][1550563727951][shared][info]["Migrations: Setting context before starting migration","0001_add_archived_resources_table",{"0000_initial":"started","0001_add_archived_resources_table":"started"}]
[6][1550563727951][shared][info]["Migrations: Applying migration","0001_add_archived_resources_table"]
[6][1550563727951][shared][info]["Migrations: Upgrading IndexedDB to version","0001_add_archived_resources_table",2]
[6][1550563727953][shared][info]["Migrations: Adding pending commit to queue","0001_add_archived_resources_table"]
[6][1550563727953][shared][info]["Migrations: Starting migration","0002_add_variable_sessions_table"]
[6][1550563727953][shared][info]["Migrations: Setting context before starting migration","0002_add_variable_sessions_table",{"0000_initial":"started","0001_add_archived_resources_table":"started","0002_add_variable_sessions_table":"started"}]
[6][1550563727953][shared][info]["Migrations: Applying migration","0002_add_variable_sessions_table"]
[6][1550563727953][shared][info]["Migrations: Upgrading IndexedDB to version","0002_add_variable_sessions_table",3]
[6][1550563727954][shared][info]["Migrations: Adding pending commit to queue","0002_add_variable_sessions_table"]
[6][1550563727954][shared][info]["Migrations: Starting migration","0003_add_editor_tables"]
[6][1550563727955][shared][info]["Migrations: Setting context before starting migration","0003_add_editor_tables",{"0000_initial":"started","0001_add_archived_resources_table":"started","0002_add_variable_sessions_table":"started","0003_add_editor_tables":"started"}]
[6][1550563727955][shared][info]["Migrations: Applying migration","0003_add_editor_tables"]
[6][1550563727955][shared][info]["Migrations: Upgrading IndexedDB to version","0003_add_editor_tables",4]
[6][1550563727956][shared][info]["Migrations: Adding pending commit to queue","0003_add_editor_tables"]
[6][1550563727956][shared][info]["Migrations: Starting migration","0004_migrate_ws_session_data"]
[6][1550563727956][shared][info]["Migrations: Flushing pending migrations for","0004_migrate_ws_session_data"]
[6][1550563727956][shared][info]["Migrations: Flushing pending commit for type","IndexeddbSchemaMigration"]
[6][1550563727957][shared][info]["Migrations: Committing IndexedDB upgrade"]
[6][1550563727995][shared][info]["Migrations: Updating status in migration context",{"0000_initial":"started","0001_add_archived_resources_table":"started","0002_add_variable_sessions_table":"started","0003_add_editor_tables":"started"}]
[6][1550563727996][shared][info]["Migrations: Updated status in migration context",{"0000_initial":"finished","0001_add_archived_resources_table":"finished","0002_add_variable_sessions_table":"finished","0003_add_editor_tables":"finished"}]
[6][1550563727996][shared][info]["Migrations: Setting context before starting migration","0004_migrate_ws_session_data",{"0000_initial":"finished","0001_add_archived_resources_table":"finished","0002_add_variable_sessions_table":"finished","0003_add_editor_tables":"finished","0004_migrate_ws_session_data":"started"}]
[6][1550563727996][shared][info]["Migrations: Applying migration","0004_migrate_ws_session_data"]
[6][1550563727997][shared][info]["Migrations: Processing IndexedDB data migration","0004_migrate_ws_session_data"]
[6][1550563727998][shared][info]["Migration\\x7eTabs: Starting migration"]
[6][1550563728001][shared][info]["Migration\\x7eTabs: Completed transformation"]
[6][1550563728001][shared][info]["Migration\\x7eTabs: Creating editors"]
[6][1550563728003][shared][info]["Migration\\x7eTabs: Creating editor models"]
[6][1550563728004][shared][info]["Migrations: Saving migration context after completion","0004_migrate_ws_session_data",{"0000_initial":"finished","0001_add_archived_resources_table":"finished","0002_add_variable_sessions_table":"finished","0003_add_editor_tables":"finished","0004_migrate_ws_session_data":"started"}]
[6][1550563728004][shared][info]["Migrations: Starting migration","0005_cleanup_request_response_and_history_body"]
[6][1550563728005][shared][info]["Migrations: Flushing pending migrations for","0005_cleanup_request_response_and_history_body"]
[6][1550563728005][shared][info]["Migrations: Updating status in migration context",{"0000_initial":"finished","0001_add_archived_resources_table":"finished","0002_add_variable_sessions_table":"finished","0003_add_editor_tables":"finished","0004_migrate_ws_session_data":"finished"}]
[6][1550563728005][shared][info]["Migrations: Updated status in migration context",{"0000_initial":"finished","0001_add_archived_resources_table":"finished","0002_add_variable_sessions_table":"finished","0003_add_editor_tables":"finished","0004_migrate_ws_session_data":"finished"}]
[6][1550563728005][shared][info]["Migrations: Setting context before starting migration","0005_cleanup_request_response_and_history_body",{"0000_initial":"finished","0001_add_archived_resources_table":"finished","0002_add_variable_sessions_table":"finished","0003_add_editor_tables":"finished","0004_migrate_ws_session_data":"finished","0005_cleanup_request_response_and_history_body":"started"}]
[6][1550563728006][shared][info]["Migrations: Applying migration","0005_cleanup_request_response_and_history_body"]
[6][1550563728006][shared][info]["Migrations: Processing IndexedDB data migration","0005_cleanup_request_response_and_history_body"]
[6][1550563728010][shared][info]["Migrations: Saving migration context after completion","0005_cleanup_request_response_and_history_body",{"0000_initial":"finished","0001_add_archived_resources_table":"finished","0002_add_variable_sessions_table":"finished","0003_add_editor_tables":"finished","0004_migrate_ws_session_data":"finished","0005_cleanup_request_response_and_history_body":"started"}]
[6][1550563728010][shared][info]["Migrations: Starting migration","0006_add_dbp_to_request_response_and_history"]
[6][1550563728011][shared][info]["Migrations: Flushing pending migrations for","0006_add_dbp_to_request_response_and_history"]
[6][1550563728011][shared][info]["Migrations: Updating status in migration context",{"0000_initial":"finished","0001_add_archived_resources_table":"finished","0002_add_variable_sessions_table":"finished","0003_add_editor_tables":"finished","0004_migrate_ws_session_data":"finished","0005_cleanup_request_response_and_history_body":"finished"}]
[6][1550563728011][shared][info]["Migrations: Updated status in migration context",{"0000_initial":"finished","0001_add_archived_resources_table":"finished","0002_add_variable_sessions_table":"finished","0003_add_editor_tables":"finished","0004_migrate_ws_session_data":"finished","0005_cleanup_request_response_and_history_body":"finished"}]
[6][1550563728011][shared][info]["Migrations: Setting context before starting migration","0006_add_dbp_to_request_response_and_history",{"0000_initial":"finished","0001_add_archived_resources_table":"finished","0002_add_variable_sessions_table":"finished","0003_add_editor_tables":"finished","0004_migrate_ws_session_data":"finished","0005_cleanup_request_response_and_history_body":"finished","0006_add_dbp_to_request_response_and_history":"started"}]
[6][1550563728011][shared][info]["Migrations: Applying migration","0006_add_dbp_to_request_response_and_history"]
[6][1550563728012][shared][info]["Migrations: Processing IndexedDB data migration","0006_add_dbp_to_request_response_and_history"]
[6][1550563728015][shared][info]["Migrations: Saving migration context after completion","0006_add_dbp_to_request_response_and_history",{"0000_initial":"finished","0001_add_archived_resources_table":"finished","0002_add_variable_sessions_table":"finished","0003_add_editor_tables":"finished","0004_migrate_ws_session_data":"finished","0005_cleanup_request_response_and_history_body":"finished","0006_add_dbp_to_request_response_and_history":"started"}]
[6][1550563728016][shared][info]["Migrations: Starting migration","0007_add_sync_client_buckets_by_order_id_table"]
[6][1550563728016][shared][info]["Migrations: Setting context before starting migration","0007_add_sync_client_buckets_by_order_id_table",{"0000_initial":"finished","0001_add_archived_resources_table":"finished","0002_add_variable_sessions_table":"finished","0003_add_editor_tables":"finished","0004_migrate_ws_session_data":"finished","0005_cleanup_request_response_and_history_body":"finished","0006_add_dbp_to_request_response_and_history":"finished","0007_add_sync_client_buckets_by_order_id_table":"started"}]
[6][1550563728016][shared][info]["Migrations: Applying migration","0007_add_sync_client_buckets_by_order_id_table"]
[6][1550563728017][shared][info]["Migrations: Upgrading IndexedDB to version","0007_add_sync_client_buckets_by_order_id_table",5]
[6][1550563728018][shared][info]["Migrations: Adding pending commit to queue","0007_add_sync_client_buckets_by_order_id_table"]
[6][1550563728018][shared][info]["Migrations: Starting migration","0008_migrate_to_sync_client_buckets_by_order_id"]
[6][1550563728018][shared][info]["Migrations: Flushing pending migrations for","0008_migrate_to_sync_client_buckets_by_order_id"]
[6][1550563728018][shared][info]["Migrations: Flushing pending commit for type","IndexeddbSchemaMigration"]
[6][1550563728018][shared][info]["Migrations: Committing IndexedDB upgrade"]
[6][1550563728027][shared][info]["Migrations: Updating status in migration context",{"0000_initial":"finished","0001_add_archived_resources_table":"finished","0002_add_variable_sessions_table":"finished","0003_add_editor_tables":"finished","0004_migrate_ws_session_data":"finished","0005_cleanup_request_response_and_history_body":"finished","0006_add_dbp_to_request_response_and_history":"finished","0007_add_sync_client_buckets_by_order_id_table":"started"}]
[6][1550563728027][shared][info]["Migrations: Updated status in migration context",{"0000_initial":"finished","0001_add_archived_resources_table":"finished","0002_add_variable_sessions_table":"finished","0003_add_editor_tables":"finished","0004_migrate_ws_session_data":"finished","0005_cleanup_request_response_and_history_body":"finished","0006_add_dbp_to_request_response_and_history":"finished","0007_add_sync_client_buckets_by_order_id_table":"finished"}]
[6][1550563728027][shared][info]["Migrations: Setting context before starting migration","0008_migrate_to_sync_client_buckets_by_order_id",{"0000_initial":"finished","0001_add_archived_resources_table":"finished","0002_add_variable_sessions_table":"finished","0003_add_editor_tables":"finished","0004_migrate_ws_session_data":"finished","0005_cleanup_request_response_and_history_body":"finished","0006_add_dbp_to_request_response_and_history":"finished","0007_add_sync_client_buckets_by_order_id_table":"finished","0008_migrate_to_sync_client_buckets_by_order_id":"started"}]
[6][1550563728028][shared][info]["Migrations: Applying migration","0008_migrate_to_sync_client_buckets_by_order_id"]
[6][1550563728028][shared][info]["Migrations: Processing IndexedDB data migration","0008_migrate_to_sync_client_buckets_by_order_id"]
[6][1550563728030][shared][info]["Migrations: Saving migration context after completion","0008_migrate_to_sync_client_buckets_by_order_id",{"0000_initial":"finished","0001_add_archived_resources_table":"finished","0002_add_variable_sessions_table":"finished","0003_add_editor_tables":"finished","0004_migrate_ws_session_data":"finished","0005_cleanup_request_response_and_history_body":"finished","0006_add_dbp_to_request_response_and_history":"finished","0007_add_sync_client_buckets_by_order_id_table":"finished","0008_migrate_to_sync_client_buckets_by_order_id":"started"}]
[6][1550563728031][shared][info]["Migrations: Starting migration","0009_remove_sync_client_buckets_table"]
[6][1550563728031][shared][info]["Migrations: Setting context before starting migration","0009_remove_sync_client_buckets_table",{"0000_initial":"finished","0001_add_archived_resources_table":"finished","0002_add_variable_sessions_table":"finished","0003_add_editor_tables":"finished","0004_migrate_ws_session_data":"finished","0005_cleanup_request_response_and_history_body":"finished","0006_add_dbp_to_request_response_and_history":"finished","0007_add_sync_client_buckets_by_order_id_table":"finished","0008_migrate_to_sync_client_buckets_by_order_id":"finished","0009_remove_sync_client_buckets_table":"started"}]
[6][1550563728031][shared][info]["Migrations: Applying migration","0009_remove_sync_client_buckets_table"]
[6][1550563728031][shared][info]["Migrations: Upgrading IndexedDB to version","0009_remove_sync_client_buckets_table",6]
[6][1550563728032][shared][info]["Migrations: Adding pending commit to queue","0009_remove_sync_client_buckets_table"]
[6][1550563728032][shared][info]["Migrations: Starting migration","0010_add_history_owner"]
[6][1550563728033][shared][info]["Migrations: Flushing pending migrations for","0010_add_history_owner"]
[6][1550563728033][shared][info]["Migrations: Flushing pending commit for type","IndexeddbSchemaMigration"]
[6][1550563728033][shared][info]["Migrations: Committing IndexedDB upgrade"]
[6][1550563728037][shared][info]["Migrations: Updating status in migration context",{"0000_initial":"finished","0001_add_archived_resources_table":"finished","0002_add_variable_sessions_table":"finished","0003_add_editor_tables":"finished","0004_migrate_ws_session_data":"finished","0005_cleanup_request_response_and_history_body":"finished","0006_add_dbp_to_request_response_and_history":"finished","0007_add_sync_client_buckets_by_order_id_table":"finished","0008_migrate_to_sync_client_buckets_by_order_id":"finished","0009_remove_sync_client_buckets_table":"started"}]
[6][1550563728037][shared][info]["Migrations: Updated status in migration context",{"0000_initial":"finished","0001_add_archived_resources_table":"finished","0002_add_variable_sessions_table":"finished","0003_add_editor_tables":"finished","0004_migrate_ws_session_data":"finished","0005_cleanup_request_response_and_history_body":"finished","0006_add_dbp_to_request_response_and_history":"finished","0007_add_sync_client_buckets_by_order_id_table":"finished","0008_migrate_to_sync_client_buckets_by_order_id":"finished","0009_remove_sync_client_buckets_table":"finished"}]
[6][1550563728038][shared][info]["Migrations: Setting context before starting migration","0010_add_history_owner",{"0000_initial":"finished","0001_add_archived_resources_table":"finished","0002_add_variable_sessions_table":"finished","0003_add_editor_tables":"finished","0004_migrate_ws_session_data":"finished","0005_cleanup_request_response_and_history_body":"finished","0006_add_dbp_to_request_response_and_history":"finished","0007_add_sync_client_buckets_by_order_id_table":"finished","0008_migrate_to_sync_client_buckets_by_order_id":"finished","0009_remove_sync_client_buckets_table":"finished","0010_add_history_owner":"started"}]
[6][1550563728038][shared][info]["Migrations: Applying migration","0010_add_history_owner"]
[6][1550563728038][shared][info]["Migrations: Processing IndexedDB data migration","0010_add_history_owner"]
[6][1550563728043][shared][info]["Migrations: Saving migration context after completion","0010_add_history_owner",{"0000_initial":"finished","0001_add_archived_resources_table":"finished","0002_add_variable_sessions_table":"finished","0003_add_editor_tables":"finished","0004_migrate_ws_session_data":"finished","0005_cleanup_request_response_and_history_body":"finished","0006_add_dbp_to_request_response_and_history":"finished","0007_add_sync_client_buckets_by_order_id_table":"finished","0008_migrate_to_sync_client_buckets_by_order_id":"finished","0009_remove_sync_client_buckets_table":"finished","0010_add_history_owner":"started"}]
[6][1550563728044][shared][info]["Migrations: Starting migration","0011_add_history_response_table"]
[6][1550563728044][shared][info]["Migrations: Setting context before starting migration","0011_add_history_response_table",{"0000_initial":"finished","0001_add_archived_resources_table":"finished","0002_add_variable_sessions_table":"finished","0003_add_editor_tables":"finished","0004_migrate_ws_session_data":"finished","0005_cleanup_request_response_and_history_body":"finished","0006_add_dbp_to_request_response_and_history":"finished","0007_add_sync_client_buckets_by_order_id_table":"finished","0008_migrate_to_sync_client_buckets_by_order_id":"finished","0009_remove_sync_client_buckets_table":"finished","0010_add_history_owner":"finished","0011_add_history_response_table":"started"}]
[6][1550563728044][shared][info]["Migrations: Applying migration","0011_add_history_response_table"]
[6][1550563728045][shared][info]["Migrations: Upgrading IndexedDB to version","0011_add_history_response_table",7]
[6][1550563728045][shared][info]["Migrations: Adding pending commit to queue","0011_add_history_response_table"]
[6][1550563728046][shared][info]["Migrations: Starting migration","0012_add_user_data_table"]
[6][1550563728046][shared][info]["Migrations: Setting context before starting migration","0012_add_user_data_table",{"0000_initial":"finished","0001_add_archived_resources_table":"finished","0002_add_variable_sessions_table":"finished","0003_add_editor_tables":"finished","0004_migrate_ws_session_data":"finished","0005_cleanup_request_response_and_history_body":"finished","0006_add_dbp_to_request_response_and_history":"finished","0007_add_sync_client_buckets_by_order_id_table":"finished","0008_migrate_to_sync_client_buckets_by_order_id":"finished","0009_remove_sync_client_buckets_table":"finished","0010_add_history_owner":"finished","0011_add_history_response_table":"started","0012_add_user_data_table":"started"}]
[6][1550563728046][shared][info]["Migrations: Applying migration","0012_add_user_data_table"]
[6][1550563728046][shared][info]["Migrations: Upgrading IndexedDB to version","0012_add_user_data_table",8]
[6][1550563728047][shared][info]["Migrations: Adding pending commit to queue","0012_add_user_data_table"]
[6][1550563728047][shared][info]["Migrations: Starting migration","0013_sanitize_request_response_and_history_methods"]
[6][1550563728047][shared][info]["Migrations: Flushing pending migrations for","0013_sanitize_request_response_and_history_methods"]
[6][1550563728047][shared][info]["Migrations: Flushing pending commit for type","IndexeddbSchemaMigration"]
[6][1550563728047][shared][info]["Migrations: Committing IndexedDB upgrade"]
[6][1550563728057][shared][info]["Migrations: Updating status in migration context",{"0000_initial":"finished","0001_add_archived_resources_table":"finished","0002_add_variable_sessions_table":"finished","0003_add_editor_tables":"finished","0004_migrate_ws_session_data":"finished","0005_cleanup_request_response_and_history_body":"finished","0006_add_dbp_to_request_response_and_history":"finished","0007_add_sync_client_buckets_by_order_id_table":"finished","0008_migrate_to_sync_client_buckets_by_order_id":"finished","0009_remove_sync_client_buckets_table":"finished","0010_add_history_owner":"finished","0011_add_history_response_table":"started","0012_add_user_data_table":"started"}]
[6][1550563728057][shared][info]["Migrations: Updated status in migration context",{"0000_initial":"finished","0001_add_archived_resources_table":"finished","0002_add_variable_sessions_table":"finished","0003_add_editor_tables":"finished","0004_migrate_ws_session_data":"finished","0005_cleanup_request_response_and_history_body":"finished","0006_add_dbp_to_request_response_and_history":"finished","0007_add_sync_client_buckets_by_order_id_table":"finished","0008_migrate_to_sync_client_buckets_by_order_id":"finished","0009_remove_sync_client_buckets_table":"finished","0010_add_history_owner":"finished","0011_add_history_response_table":"finished","0012_add_user_data_table":"finished"}]
[6][1550563728058][shared][info]["Migrations: Setting context before starting migration","0013_sanitize_request_response_and_history_methods",{"0000_initial":"finished","0001_add_archived_resources_table":"finished","0002_add_variable_sessions_table":"finished","0003_add_editor_tables":"finished","0004_migrate_ws_session_data":"finished","0005_cleanup_request_response_and_history_body":"finished","0006_add_dbp_to_request_response_and_history":"finished","0007_add_sync_client_buckets_by_order_id_table":"finished","0008_migrate_to_sync_client_buckets_by_order_id":"finished","0009_remove_sync_client_buckets_table":"finished","0010_add_history_owner":"finished","0011_add_history_response_table":"finished","0012_add_user_data_table":"finished","0013_sanitize_request_response_and_history_methods":"started"}]
[6][1550563728058][shared][info]["Migrations: Applying migration","0013_sanitize_request_response_and_history_methods"]
[6][1550563728058][shared][info]["Migrations: Processing IndexedDB data migration","0013_sanitize_request_response_and_history_methods"]
[6][1550563728062][shared][info]["Migrations: Saving migration context after completion","0013_sanitize_request_response_and_history_methods",{"0000_initial":"finished","0001_add_archived_resources_table":"finished","0002_add_variable_sessions_table":"finished","0003_add_editor_tables":"finished","0004_migrate_ws_session_data":"finished","0005_cleanup_request_response_and_history_body":"finished","0006_add_dbp_to_request_response_and_history":"finished","0007_add_sync_client_buckets_by_order_id_table":"finished","0008_migrate_to_sync_client_buckets_by_order_id":"finished","0009_remove_sync_client_buckets_table":"finished","0010_add_history_owner":"finished","0011_add_history_response_table":"finished","0012_add_user_data_table":"finished","0013_sanitize_request_response_and_history_methods":"started"}]
[6][1550563728062][shared][info]["Migrations: Starting migration","0014_sanitize_response_requestobject_rawmodedata"]
[6][1550563728062][shared][info]["Migrations: Flushing pending migrations for","0014_sanitize_response_requestobject_rawmodedata"]
[6][1550563728062][shared][info]["Migrations: Updating status in migration context",{"0000_initial":"finished","0001_add_archived_resources_table":"finished","0002_add_variable_sessions_table":"finished","0003_add_editor_tables":"finished","0004_migrate_ws_session_data":"finished","0005_cleanup_request_response_and_history_body":"finished","0006_add_dbp_to_request_response_and_history":"finished","0007_add_sync_client_buckets_by_order_id_table":"finished","0008_migrate_to_sync_client_buckets_by_order_id":"finished","0009_remove_sync_client_buckets_table":"finished","0010_add_history_owner":"finished","0011_add_history_response_table":"finished","0012_add_user_data_table":"finished","0013_sanitize_request_response_and_history_methods":"finished"}]
[6][1550563728063][shared][info]["Migrations: Updated status in migration context",{"0000_initial":"finished","0001_add_archived_resources_table":"finished","0002_add_variable_sessions_table":"finished","0003_add_editor_tables":"finished","0004_migrate_ws_session_data":"finished","0005_cleanup_request_response_and_history_body":"finished","0006_add_dbp_to_request_response_and_history":"finished","0007_add_sync_client_buckets_by_order_id_table":"finished","0008_migrate_to_sync_client_buckets_by_order_id":"finished","0009_remove_sync_client_buckets_table":"finished","0010_add_history_owner":"finished","0011_add_history_response_table":"finished","0012_add_user_data_table":"finished","0013_sanitize_request_response_and_history_methods":"finished"}]
[6][1550563728063][shared][info]["Migrations: Setting context before starting migration","0014_sanitize_response_requestobject_rawmodedata",{"0000_initial":"finished","0001_add_archived_resources_table":"finished","0002_add_variable_sessions_table":"finished","0003_add_editor_tables":"finished","0004_migrate_ws_session_data":"finished","0005_cleanup_request_response_and_history_body":"finished","0006_add_dbp_to_request_response_and_history":"finished","0007_add_sync_client_buckets_by_order_id_table":"finished","0008_migrate_to_sync_client_buckets_by_order_id":"finished","0009_remove_sync_client_buckets_table":"finished","0010_add_history_owner":"finished","0011_add_history_response_table":"finished","0012_add_user_data_table":"finished","0013_sanitize_request_response_and_history_methods":"finished","0014_sanitize_response_requestobject_rawmodedata":"started"}]
[6][1550563728064][shared][info]["Migrations: Applying migration","0014_sanitize_response_requestobject_rawmodedata"]
[6][1550563728064][shared][info]["Migrations: Processing IndexedDB data migration","0014_sanitize_response_requestobject_rawmodedata"]
[6][1550563728066][shared][info]["Migrations: Saving migration context after completion","0014_sanitize_response_requestobject_rawmodedata",{"0000_initial":"finished","0001_add_archived_resources_table":"finished","0002_add_variable_sessions_table":"finished","0003_add_editor_tables":"finished","0004_migrate_ws_session_data":"finished","0005_cleanup_request_response_and_history_body":"finished","0006_add_dbp_to_request_response_and_history":"finished","0007_add_sync_client_buckets_by_order_id_table":"finished","0008_migrate_to_sync_client_buckets_by_order_id":"finished","0009_remove_sync_client_buckets_table":"finished","0010_add_history_owner":"finished","0011_add_history_response_table":"finished","0012_add_user_data_table":"finished","0013_sanitize_request_response_and_history_methods":"finished","0014_sanitize_response_requestobject_rawmodedata":"started"}]
[6][1550563728066][shared][info]["Migrations: Flushing pending commit steps"]
[6][1550563728067][shared][info]["Migrations: Updating status in migration context",{"0000_initial":"finished","0001_add_archived_resources_table":"finished","0002_add_variable_sessions_table":"finished","0003_add_editor_tables":"finished","0004_migrate_ws_session_data":"finished","0005_cleanup_request_response_and_history_body":"finished","0006_add_dbp_to_request_response_and_history":"finished","0007_add_sync_client_buckets_by_order_id_table":"finished","0008_migrate_to_sync_client_buckets_by_order_id":"finished","0009_remove_sync_client_buckets_table":"finished","0010_add_history_owner":"finished","0011_add_history_response_table":"finished","0012_add_user_data_table":"finished","0013_sanitize_request_response_and_history_methods":"finished","0014_sanitize_response_requestobject_rawmodedata":"finished"}]
[6][1550563728067][shared][info]["Migrations: Updated status in migration context",{"0000_initial":"finished","0001_add_archived_resources_table":"finished","0002_add_variable_sessions_table":"finished","0003_add_editor_tables":"finished","0004_migrate_ws_session_data":"finished","0005_cleanup_request_response_and_history_body":"finished","0006_add_dbp_to_request_response_and_history":"finished","0007_add_sync_client_buckets_by_order_id_table":"finished","0008_migrate_to_sync_client_buckets_by_order_id":"finished","0009_remove_sync_client_buckets_table":"finished","0010_add_history_owner":"finished","0011_add_history_response_table":"finished","0012_add_user_data_table":"finished","0013_sanitize_request_response_and_history_methods":"finished","0014_sanitize_response_requestobject_rawmodedata":"finished"}]
[6][1550563728067][shared][info]["Migration: Finished all migrations"]
[6][1550563728168][shared][info]["bootstrapModels - Success"]
[6][1550563728169][shared][info]["WLModels\\x7eboot - Success"]
[6][1550563728195][shared][info]["initializeConfigurationsValues - Success"]
[6][1550563728207][shared][info]["Migrate - Bailed out due to:","FRESH_INSTALL"]
[6][1550563728216][shared][info]["AppModels\\x7eboot - Success"]
[6][1550563728220][shared][info]["SharedRuntimeListeners\\x7eboot - Success"]
[6][1550563728226][shared][info]["Sync\\x7eboot - Success"]
[6][1550563728226][shared][info]["Shared\\x7eboot - Success"]
[6][1550563728226][shared][info]["booted - shared"]
[6][1550563935219][shared][info]["EventBus\\x7einitialize - Success"]
[6][1550563935222][shared][info]["Messaging\\x7eboot - Success"]
[6][1550563935228][shared][info]["Telemetry\\x7eboot - Success"]
[6][1550563935229][shared][info]["bootConfigurations\\x7einitialize - Success"]
[6][1550563935230][shared][info]["Settings\\x7eboot - Success"]
[6][1550563935231][shared][info]["Migrations: Skipping migrations. No migrations to apply."]
[6][1550563935312][shared][info]["bootstrapModels - Success"]
[6][1550563935312][shared][info]["WLModels\\x7eboot - Success"]
[6][1550563935345][shared][info]["initializeConfigurationsValues - Success"]
[6][1550563935362][shared][info]["Migrate - Bailed out due to:","FRESH_INSTALL"]
[6][1550563935372][shared][info]["AppModels\\x7eboot - Success"]
[6][1550563935376][shared][info]["SharedRuntimeListeners\\x7eboot - Success"]
[6][1550563935382][shared][info]["Sync\\x7eboot - Success"]
[6][1550563935383][shared][info]["Shared\\x7eboot - Success"]
[6][1550563935383][shared][info]["booted - shared"]
[6][1550564295286][shared][info]["EventBus\\x7einitialize - Success"]
[6][1550564295288][shared][info]["Messaging\\x7eboot - Success"]
[6][1550564295294][shared][info]["Telemetry\\x7eboot - Success"]
[6][1550564295295][shared][info]["bootConfigurations\\x7einitialize - Success"]
[6][1550564295296][shared][info]["Settings\\x7eboot - Success"]
[6][1550564295297][shared][info]["Migrations: Skipping migrations. No migrations to apply."]
[6][1550564295378][shared][info]["bootstrapModels - Success"]
[6][1550564295378][shared][info]["WLModels\\x7eboot - Success"]
[6][1550564295407][shared][info]["initializeConfigurationsValues - Success"]
[6][1550564295423][shared][info]["Migrate - Bailed out due to:","FRESH_INSTALL"]
[6][1550564295433][shared][info]["AppModels\\x7eboot - Success"]
[6][1550564295436][shared][info]["SharedRuntimeListeners\\x7eboot - Success"]
[6][1550564295442][shared][info]["Sync\\x7eboot - Success"]
[6][1550564295443][shared][info]["Shared\\x7eboot - Success"]
[6][1550564295443][shared][info]["booted - shared"]
[6][1550566007162][shared][info]["EventBus\\x7einitialize - Success"]
[6][1550566007165][shared][info]["Messaging\\x7eboot - Success"]
[6][1550566007170][shared][info]["Telemetry\\x7eboot - Success"]
[6][1550566007171][shared][info]["bootConfigurations\\x7einitialize - Success"]
[6][1550566007173][shared][info]["Settings\\x7eboot - Success"]
[6][1550566007173][shared][info]["Migrations: Skipping migrations. No migrations to apply."]
[6][1550566007254][shared][info]["bootstrapModels - Success"]
[6][1550566007254][shared][info]["WLModels\\x7eboot - Success"]
[6][1550566007293][shared][info]["initializeConfigurationsValues - Success"]
[6][1550566007309][shared][info]["Migrate - Bailed out due to:","FRESH_INSTALL"]
[6][1550566007321][shared][info]["AppModels\\x7eboot - Success"]
[6][1550566007324][shared][info]["SharedRuntimeListeners\\x7eboot - Success"]
[6][1550566007330][shared][info]["Sync\\x7eboot - Success"]
[6][1550566007331][shared][info]["Shared\\x7eboot - Success"]
[6][1550566007331][shared][info]["booted - shared"]
