[6][1550563729488][requester][info]["EventBus\\x7einitialize - Success"]
[6][1550563729491][requester][info]["Messaging\\x7eboot - Success"]
[6][1550563729497][requester][info]["Telemetry\\x7eboot - Success"]
[6][1550563729498][requester][info]["bootConfigurations\\x7einitialize - Success"]
[6][1550563729500][requester][info]["Settings\\x7eboot - Success"]
[6][1550563729559][requester][info]["bootstrapModels - Success"]
[6][1550563729559][requester][info]["WLModels\\x7eboot - Success"]
[6][1550563729614][requester][info]["Session\\x7eboot - Success"]
[6][1550563729618][requester][info]["IndependentServices\\x7eboot - Success"]
[6][1550563729627][requester][info]["AppModels\\x7eboot - Success"]
[6][1550563729627][requester][info]["RuntimeListeners\\x7eboot- Success"]
[6][1550563729627][requester][info]["DBWatcher\\x7eboot - Success"]
[6][1550563729629][requester][info]["ThemeManager\\x7eboot - Success"]
[6][1550563729636][requester][info]["InAppMessaging\\x7eboot - Success"]
[6][1550563729637][requester][info]["Store\\x7eboot - Success"]
[6][1550563729638][requester][info]["Shortcuts\\x7eboot - Success"]
[6][1550563729639][requester][info]["SyncProxy\\x7eboot - Success"]
[6][1550563729645][requester][info]["Requester\\x7eboot - Success"]
[6][1550563729646][requester][info]["booted - requester"]
[6][1550563936666][requester][info]["EventBus\\x7einitialize - Success"]
[6][1550563936668][requester][info]["Messaging\\x7eboot - Success"]
[6][1550563936674][requester][info]["Telemetry\\x7eboot - Success"]
[6][1550563936675][requester][info]["bootConfigurations\\x7einitialize - Success"]
[6][1550563936677][requester][info]["Settings\\x7eboot - Success"]
[6][1550563936734][requester][info]["bootstrapModels - Success"]
[6][1550563936734][requester][info]["WLModels\\x7eboot - Success"]
[6][1550563936764][requester][info]["Session\\x7eboot - Success"]
[6][1550563936767][requester][info]["IndependentServices\\x7eboot - Success"]
[6][1550563936775][requester][info]["AppModels\\x7eboot - Success"]
[6][1550563936775][requester][info]["RuntimeListeners\\x7eboot- Success"]
[6][1550563936775][requester][info]["DBWatcher\\x7eboot - Success"]
[6][1550563936777][requester][info]["ThemeManager\\x7eboot - Success"]
[6][1550563936778][requester][info]["InAppMessaging\\x7eboot - Success"]
[6][1550563936779][requester][info]["Store\\x7eboot - Success"]
[6][1550563936780][requester][info]["Shortcuts\\x7eboot - Success"]
[6][1550563936781][requester][info]["SyncProxy\\x7eboot - Success"]
[6][1550563936793][requester][info]["Requester\\x7eboot - Success"]
[6][1550563936793][requester][info]["booted - requester"]
[6][1550564296739][requester][info]["EventBus\\x7einitialize - Success"]
[6][1550564296741][requester][info]["Messaging\\x7eboot - Success"]
[6][1550564296747][requester][info]["Telemetry\\x7eboot - Success"]
[6][1550564296749][requester][info]["bootConfigurations\\x7einitialize - Success"]
[6][1550564296750][requester][info]["Settings\\x7eboot - Success"]
[6][1550564296806][requester][info]["bootstrapModels - Success"]
[6][1550564296807][requester][info]["WLModels\\x7eboot - Success"]
[6][1550564296837][requester][info]["Session\\x7eboot - Success"]
[6][1550564296841][requester][info]["IndependentServices\\x7eboot - Success"]
[6][1550564296849][requester][info]["AppModels\\x7eboot - Success"]
[6][1550564296849][requester][info]["RuntimeListeners\\x7eboot- Success"]
[6][1550564296849][requester][info]["DBWatcher\\x7eboot - Success"]
[6][1550564296851][requester][info]["ThemeManager\\x7eboot - Success"]
[6][1550564296852][requester][info]["InAppMessaging\\x7eboot - Success"]
[6][1550564296853][requester][info]["Store\\x7eboot - Success"]
[6][1550564296854][requester][info]["Shortcuts\\x7eboot - Success"]
[6][1550564296855][requester][info]["SyncProxy\\x7eboot - Success"]
[6][1550564296868][requester][info]["Requester\\x7eboot - Success"]
[6][1550564296868][requester][info]["booted - requester"]
[6][1550566008628][requester][info]["EventBus\\x7einitialize - Success"]
[6][1550566008630][requester][info]["Messaging\\x7eboot - Success"]
[6][1550566008636][requester][info]["Telemetry\\x7eboot - Success"]
[6][1550566008637][requester][info]["bootConfigurations\\x7einitialize - Success"]
[6][1550566008639][requester][info]["Settings\\x7eboot - Success"]
[6][1550566008695][requester][info]["bootstrapModels - Success"]
[6][1550566008696][requester][info]["WLModels\\x7eboot - Success"]
[6][1550566008727][requester][info]["Session\\x7eboot - Success"]
[6][1550566008731][requester][info]["IndependentServices\\x7eboot - Success"]
[6][1550566008740][requester][info]["AppModels\\x7eboot - Success"]
[6][1550566008740][requester][info]["RuntimeListeners\\x7eboot- Success"]
[6][1550566008740][requester][info]["DBWatcher\\x7eboot - Success"]
[6][1550566008742][requester][info]["ThemeManager\\x7eboot - Success"]
[6][1550566008743][requester][info]["InAppMessaging\\x7eboot - Success"]
[6][1550566008744][requester][info]["Store\\x7eboot - Success"]
[6][1550566008746][requester][info]["Shortcuts\\x7eboot - Success"]
[6][1550566008747][requester][info]["SyncProxy\\x7eboot - Success"]
[6][1550566008759][requester][info]["Requester\\x7eboot - Success"]
[6][1550566008759][requester][info]["booted - requester"]
